Jun 18, 2009 5:39:30 PM org.apache.catalina.core.AprLifecycleListener init
INFO: The Apache Tomcat Native library which allows optimal performance in production environments was not found on the java.library.path: c:\java6\bin;.;C:\Windows\Sun\Java\bin;C:\Windows\system32;C:\Windows;c:\;c:\java6\bin;c:\classes\apache-ant-1.7.0\bin;c:\classes\maven-2.0.6\bin;c:\windows\system32
Jun 18, 2009 5:39:30 PM org.apache.coyote.http11.Http11Protocol init
INFO: Initializing Coyote HTTP/1.1 on http-8080
Jun 18, 2009 5:39:30 PM org.apache.catalina.startup.Catalina load
INFO: Initialization processed in 1690 ms
Jun 18, 2009 5:39:30 PM org.apache.catalina.core.StandardService start
INFO: Starting service Catalina
Jun 18, 2009 5:39:30 PM org.apache.catalina.core.StandardEngine start
INFO: Starting Servlet Engine: Apache Tomcat/6.0.13
Jun 18, 2009 5:39:33 PM org.directwebremoting.impl.StartupUtil logStartup
INFO: Starting: DwrServlet v3.0.0.116.rc1 on Apache Tomcat/6.0.13 / JDK 1.6.0 from Sun Microsystems Inc. at /account
Jun 18, 2009 5:39:35 PM org.directwebremoting.impl.StartupUtil logStartup
INFO: Starting: DwrServlet v3.0.0.116.rc1 on Apache Tomcat/6.0.13 / JDK 1.6.0 from Sun Microsystems Inc. at /alltogether
Jun 18, 2009 5:39:36 PM org.directwebremoting.util.LocalUtil setParams
WARNING: No property 'location' on org.directwebremoting.spring.SpringCreator
Jun 18, 2009 5:39:36 PM org.directwebremoting.spring.SpringCreator getBeanFactory
INFO: Spring BeanFactory via ClassPathXmlApplicationContext using 1configLocations.
Jun 18, 2009 5:39:36 PM org.springframework.context.support.AbstractApplicationContext prepareRefresh
INFO: Refreshing org.springframework.context.support.ClassPathXmlApplicationContext@145e2d5: display name [org.springframework.context.support.ClassPathXmlApplicationContext@145e2d5]; startup date [Thu Jun 18 17:39:36 EDT 2009]; root of context hierarchy
Jun 18, 2009 5:39:36 PM org.springframework.beans.factory.xml.XmlBeanDefinitionReader loadBeanDefinitions
INFO: Loading XML bean definitions from class path resource [spring-beans.xml]
Jun 18, 2009 5:39:36 PM org.springframework.context.support.AbstractApplicationContext obtainFreshBeanFactory
INFO: Bean factory for application context [org.springframework.context.support.ClassPathXmlApplicationContext@145e2d5]: org.springframework.beans.factory.support.DefaultListableBeanFactory@1381960
Jun 18, 2009 5:39:37 PM org.springframework.beans.factory.support.DefaultListableBeanFactory preInstantiateSingletons
INFO: Pre-instantiating singletons in org.springframework.beans.factory.support.DefaultListableBeanFactory@1381960: defining beans [HelloHuman]; root of factory hierarchy
Jun 18, 2009 5:39:38 PM org.directwebremoting.impl.StartupUtil logStartup
INFO: Starting: DwrServlet v3.0.0.116.rc1 on Apache Tomcat/6.0.13 / JDK 1.6.0 from Sun Microsystems Inc. at /error
Jun 18, 2009 5:39:40 PM org.directwebremoting.impl.StartupUtil logStartup
INFO: Starting: DwrServlet v3.0.0.116.rc1 on Apache Tomcat/6.0.13 / JDK 1.6.0 from Sun Microsystems Inc. at /math
Jun 18, 2009 5:39:43 PM org.directwebremoting.impl.StartupUtil logStartup
INFO: Starting: DwrServlet v3.0.0.116.rc1 on Apache Tomcat/6.0.13 / JDK 1.6.0 from Sun Microsystems Inc. at /ra_background
Jun 18, 2009 5:39:45 PM org.directwebremoting.impl.StartupUtil logStartup
INFO: Starting: DwrServlet v3.0.0.116.rc1 on Apache Tomcat/6.0.13 / JDK 1.6.0 from Sun Microsystems Inc. at /ra_comet
Jun 18, 2009 5:39:47 PM org.directwebremoting.impl.StartupUtil logStartup
INFO: Starting: DwrServlet v3.0.0.116.rc1 on Apache Tomcat/6.0.13 / JDK 1.6.0 from Sun Microsystems Inc. at /ra_piggybacking
Jun 18, 2009 5:39:49 PM org.directwebremoting.impl.StartupUtil logStartup
INFO: Starting: DwrServlet v3.0.0.116.rc1 on Apache Tomcat/6.0.13 / JDK 1.6.0 from Sun Microsystems Inc. at /ra_polling
Jun 18, 2009 5:39:49 PM org.apache.coyote.http11.Http11Protocol start
INFO: Starting Coyote HTTP/1.1 on http-8080
Jun 18, 2009 5:39:50 PM org.apache.jk.common.ChannelSocket init
INFO: JK: ajp13 listening on /0.0.0.0:8009
Jun 18, 2009 5:39:50 PM org.apache.jk.server.JkMain start
INFO: Jk running ID=0 time=0/62  config=null
Jun 18, 2009 5:39:50 PM org.apache.catalina.startup.Catalina start
INFO: Server startup in 19510 ms
